<?xml version="1.0" encoding="UTF-8"?>
<testsuite xmlns:xsi="http://www.w3.org/2001/XMLSchema-instance" xsi:noNamespaceSchemaLocation="https://maven.apache.org/surefire/maven-surefire-plugin/xsd/surefire-test-report.xsd" name="com.edu.MavenTest.AppTest" time="0.067" tests="1" errors="0" skipped="0" failures="0">
  <properties>
    <property name="sun.desktop" value="windows"/>
    <property name="awt.toolkit" value="sun.awt.windows.WToolkit"/>
    <property name="file.encoding.pkg" value="sun.io"/>
    <property name="java.specification.version" value="1.8"/>
    <property name="sun.cpu.isalist" value="amd64"/>
    <property name="sun.jnu.encoding" value="Cp1252"/>
    <property name="java.class.path" value="C:\Users\singh\Desktop\HSC\JAVA\JdbcApp\target\test-classes;C:\Users\singh\Desktop\HSC\JAVA\JdbcApp\target\classes;C:\Users\singh\.m2\repository\mysql\mysql-connector-java\8.0.20\mysql-connector-java-8.0.20.jar;C:\Users\singh\.m2\repository\com\google\protobuf\protobuf-java\3.6.1\protobuf-java-3.6.1.jar;C:\Users\singh\.m2\repository\junit\junit\4.11\junit-4.11.jar;C:\Users\singh\.m2\repository\org\hamcrest\hamcrest-core\1.3\hamcrest-core-1.3.jar;"/>
    <property name="java.vm.vendor" value="Red Hat, Inc."/>
    <property name="sun.arch.data.model" value="64"/>
    <property name="user.variant" value=""/>
    <property name="java.vendor.url" value="https://developers.redhat.com/"/>
    <property name="user.timezone" value="Asia/Calcutta"/>
    <property name="java.vm.specification.version" value="1.8"/>
    <property name="os.name" value="Windows 10"/>
    <property name="user.country" value="US"/>
    <property name="sun.java.launcher" value="SUN_STANDARD"/>
    <property name="sun.boot.library.path" value="C:\java-1.8.0-openjdk-1.8.0.302-1.b08.dev.redhat.windows.x86_64\jre\bin"/>
    <property name="sun.java.command" value="C:\Users\singh\AppData\Local\Temp\surefire8963970974013213251\surefirebooter1882647083380425803.jar C:\Users\singh\AppData\Local\Temp\surefire8963970974013213251 2024-02-26T15-20-24_471-jvmRun1 surefire6581676170497786209tmp surefire_07708983721622858250tmp"/>
    <property name="surefire.test.class.path" value="C:\Users\singh\Desktop\HSC\JAVA\JdbcApp\target\test-classes;C:\Users\singh\Desktop\HSC\JAVA\JdbcApp\target\classes;C:\Users\singh\.m2\repository\mysql\mysql-connector-java\8.0.20\mysql-connector-java-8.0.20.jar;C:\Users\singh\.m2\repository\com\google\protobuf\protobuf-java\3.6.1\protobuf-java-3.6.1.jar;C:\Users\singh\.m2\repository\junit\junit\4.11\junit-4.11.jar;C:\Users\singh\.m2\repository\org\hamcrest\hamcrest-core\1.3\hamcrest-core-1.3.jar;"/>
    <property name="sun.cpu.endian" value="little"/>
    <property name="user.home" value="C:\Users\singh"/>
    <property name="user.language" value="en"/>
    <property name="java.specification.vendor" value="Oracle Corporation"/>
    <property name="java.home" value="C:\java-1.8.0-openjdk-1.8.0.302-1.b08.dev.redhat.windows.x86_64\jre"/>
    <property name="basedir" value="C:\Users\singh\Desktop\HSC\JAVA\JdbcApp"/>
    <property name="style.color" value="always"/>
    <property name="file.separator" value="\"/>
    <property name="line.separator" value="&#10;"/>
    <property name="java.vm.specification.vendor" value="Oracle Corporation"/>
    <property name="java.specification.name" value="Java Platform API Specification"/>
    <property name="java.awt.graphicsenv" value="sun.awt.Win32GraphicsEnvironment"/>
    <property name="surefire.real.class.path" value="C:\Users\singh\AppData\Local\Temp\surefire8963970974013213251\surefirebooter1882647083380425803.jar"/>
    <property name="sun.boot.class.path" value="C:\java-1.8.0-openjdk-1.8.0.302-1.b08.dev.redhat.windows.x86_64\jre\lib\resources.jar;C:\java-1.8.0-openjdk-1.8.0.302-1.b08.dev.redhat.windows.x86_64\jre\lib\rt.jar;C:\java-1.8.0-openjdk-1.8.0.302-1.b08.dev.redhat.windows.x86_64\jre\lib\sunrsasign.jar;C:\java-1.8.0-openjdk-1.8.0.302-1.b08.dev.redhat.windows.x86_64\jre\lib\jsse.jar;C:\java-1.8.0-openjdk-1.8.0.302-1.b08.dev.redhat.windows.x86_64\jre\lib\jce.jar;C:\java-1.8.0-openjdk-1.8.0.302-1.b08.dev.redhat.windows.x86_64\jre\lib\charsets.jar;C:\java-1.8.0-openjdk-1.8.0.302-1.b08.dev.redhat.windows.x86_64\jre\lib\jfr.jar;C:\java-1.8.0-openjdk-1.8.0.302-1.b08.dev.redhat.windows.x86_64\jre\classes"/>
    <property name="user.script" value=""/>
    <property name="sun.management.compiler" value="HotSpot 64-Bit Tiered Compilers"/>
    <property name="java.runtime.version" value="1.8.0_302-b08"/>
    <property name="user.name" value="singh"/>
    <property name="path.separator" value=";"/>
    <property name="os.version" value="10.0"/>
    <property name="java.endorsed.dirs" value="C:\java-1.8.0-openjdk-1.8.0.302-1.b08.dev.redhat.windows.x86_64\jre\lib\endorsed"/>
    <property name="java.runtime.name" value="OpenJDK Runtime Environment"/>
    <property name="file.encoding" value="Cp1252"/>
    <property name="java.vm.name" value="OpenJDK 64-Bit Server VM"/>
    <property name="localRepository" value="C:\Users\singh\.m2\repository"/>
    <property name="java.vendor.url.bug" value="https://bugzilla.redhat.com/enter_bug.cgi"/>
    <property name="java.io.tmpdir" value="C:\Users\singh\AppData\Local\Temp\"/>
    <property name="java.version" value="1.8.0_302"/>
    <property name="user.dir" value="C:\Users\singh\Desktop\HSC\JAVA\JdbcApp"/>
    <property name="os.arch" value="amd64"/>
    <property name="java.vm.specification.name" value="Java Virtual Machine Specification"/>
    <property name="java.awt.printerjob" value="sun.awt.windows.WPrinterJob"/>
    <property name="sun.os.patch.level" value=""/>
    <property name="java.library.path" value="C:\java-1.8.0-openjdk-1.8.0.302-1.b08.dev.redhat.windows.x86_64\jre\bin;C:\WINDOWS\Sun\Java\bin;C:\WINDOWS\system32;C:\WINDOWS;C:/Users/singh/.p2/pool/plugins/org.eclipse.justj.openjdk.hotspot.jre.full.win32.x86_64_17.0.7.v20230425-1502/jre/bin/server;C:/Users/singh/.p2/pool/plugins/org.eclipse.justj.openjdk.hotspot.jre.full.win32.x86_64_17.0.7.v20230425-1502/jre/bin;C:\MinGW\bin;C:\WINDOWS\system32;C:\WINDOWS;C:\WINDOWS\System32\Wbem;C:\WINDOWS\System32\WindowsPowerShell\v1.0\;C:\WINDOWS\System32\OpenSSH\;C:\Program Files\Cloudflare\Cloudflare WARP\;C:\Program Files\Git\cmd;C:\Program Files\MySQL\MySQL Server 8.0\bin;C:\Program Files\nodejs\;C:\Program Files\Microsoft SQL Server\150\Tools\Binn\;C:\Program Files\Microsoft SQL Server\Client SDK\ODBC\170\Tools\Binn\;C:\Program Files\dotnet\;C:\java-1.8.0-openjdk-1.8.0.302-1.b08.dev.redhat.windows.x86_64\bin;C:\apache-maven-3.9.4\bin;;C:\Program Files\Docker\Docker\resources\bin;C:\Program Files\MySQL\MySQL Shell 8.0\bin\;C:\Users\singh\AppData\Local\Microsoft\WindowsApps;C:\Users\singh\AppData\Local\Programs\Microsoft VS Code\bin;C:\Program Files\nodejs\node_modules\npm\bin;C:\Users\singh\AppData\Roaming\npm\node_modules\npm\bin;C:\Users\singh\AppData\Roaming\npm;C:\Program Files\heroku\bin;C:\Program Files\sf\bin;C:\Users\singh\AppData\Local\Programs\mongosh\;C:\Users\singh\.dotnet\tools;C:\WINDOWS\System32;;."/>
    <property name="java.vm.info" value="mixed mode"/>
    <property name="java.vendor" value="Red Hat, Inc."/>
    <property name="java.vm.version" value="25.302-b08"/>
    <property name="java.ext.dirs" value="C:\java-1.8.0-openjdk-1.8.0.302-1.b08.dev.redhat.windows.x86_64\jre\lib\ext;C:\WINDOWS\Sun\Java\lib\ext"/>
    <property name="sun.io.unicode.encoding" value="UnicodeLittle"/>
    <property name="java.class.version" value="52.0"/>
  </properties>
  <testcase name="shouldAnswerWithTrue" classname="com.edu.MavenTest.AppTest" time="0.004"/>
</testsuite>